<?xml version="1.0" encoding="UTF-8"?>
<!-- Generated by org.testng.reporters.JUnitXMLReporter -->
<testsuite hostname="Srinath" ignored="0" name="Default test" tests="4" failures="0" timestamp="18 Jun 2018 18:44:09 GMT" time="0.167" errors="0">
  <testcase name="createUser" time="0.016" classname="testng.Demo1"/>
  <testcase name="createUser" time="0.0" classname="testng.Demo1"/>
  <testcase name="deleteUser" time="0.0" classname="testng.Demo1"/>
  <testcase name="deleteUser" time="0.015" classname="testng.Demo1"/>
</testsuite> <!-- Default test -->
