<?xml version="1.0" encoding="UTF-8"?>
<!-- Generated by org.testng.reporters.JUnitXMLReporter -->
<testsuite hostname="Srinath" ignored="0" name="Test" tests="4" failures="0" timestamp="19 Jun 2018 05:33:29 GMT" time="0.06" errors="0">
  <testcase name="createUser" time="0.008" classname="testng.Demo1"/>
  <testcase name="createUser" time="0.001" classname="testng.Demo1"/>
  <testcase name="deleteUser" time="0.001" classname="testng.Demo1"/>
  <testcase name="deleteUser" time="0.002" classname="testng.Demo1"/>
</testsuite> <!-- Test -->
